<?xml version="1.0" encoding="UTF-8"?>
<!-- Generated by org.testng.reporters.JUnitReportReporter -->
<testsuite hostname="DESKTOP-G4QHCGN" failures="0" tests="4" name="ToolShopWebsiteProject.ToolShopWebsiteProject.MyTest" time="28.816" errors="0" timestamp="2025-05-24T14:30:09 EET" skipped="0">
  <testcase classname="ToolShopWebsiteProject.ToolShopWebsiteProject.MyTest" name="Login" time="4.746"/>
  <testcase classname="ToolShopWebsiteProject.ToolShopWebsiteProject.MyTest" name="ProductSearchAndFiltiring" time="4.037"/>
  <testcase classname="ToolShopWebsiteProject.ToolShopWebsiteProject.MyTest" name="AddItems" time="6.351"/>
  <testcase classname="ToolShopWebsiteProject.ToolShopWebsiteProject.MyTest" name="CheckoutFlow" time="13.682"/>
</testsuite> <!-- ToolShopWebsiteProject.ToolShopWebsiteProject.MyTest -->
